[debug] [2025-04-17T08:37:02.638Z] ----------------------------------------------------------------------
[debug] [2025-04-17T08:37:02.641Z] Command:       C:\Program Files\nodejs\node.exe C:\Users\Vitali\AppData\Roaming\npm\node_modules\firebase-tools\lib\bin\firebase.js deploy
[debug] [2025-04-17T08:37:02.642Z] CLI Version:   9.23.3
[debug] [2025-04-17T08:37:02.642Z] Platform:      win32
[debug] [2025-04-17T08:37:02.643Z] Node Version:  v16.20.2
[debug] [2025-04-17T08:37:02.644Z] Time:          Thu Apr 17 2025 11:37:02 GMT+0300 (Moscow Standard Time)
[debug] [2025-04-17T08:37:02.645Z] ----------------------------------------------------------------------
[debug] 
[debug] [2025-04-17T08:37:02.738Z] > command requires scopes: ["email","openid","https://www.googleapis.com/auth/cloudplatformprojects.readonly","https://www.googleapis.com/auth/firebase","https://www.googleapis.com/auth/cloud-platform"]
[debug] [2025-04-17T08:37:02.738Z] > authorizing via signed-in user (cornevur@gmail.com)
[debug] [2025-04-17T08:37:02.739Z] [iam] checking project levels-screener-mobile for permissions ["firebase.projects.get","firebasehosting.sites.update"]
[debug] [2025-04-17T08:37:02.742Z] > refreshing access token with scopes: ["email","https://www.googleapis.com/auth/cloud-platform","https://www.googleapis.com/auth/cloudplatformprojects.readonly","https://www.googleapis.com/auth/firebase","openid"]
[debug] [2025-04-17T08:37:02.743Z] >>> HTTP REQUEST POST https://www.googleapis.com/oauth2/v3/token  
 <request body omitted>
[debug] [2025-04-17T08:37:02.890Z] <<< HTTP RESPONSE 200 {"pragma":"no-cache","expires":"Mon, 01 Jan 1990 00:00:00 GMT","cache-control":"no-cache, no-store, max-age=0, must-revalidate","date":"Thu, 17 Apr 2025 08:37:04 GMT","content-type":"application/json; charset=utf-8","vary":"X-Origin, Referer, Origin,Accept-Encoding","server":"scaffolding on HTTPServer2","x-xss-protection":"0","x-frame-options":"SAMEORIGIN","x-content-type-options":"nosniff","alt-svc":"h3=\":443\"; ma=2592000,h3-29=\":443\"; ma=2592000","accept-ranges":"none","transfer-encoding":"chunked"}
[debug] [2025-04-17T08:37:02.905Z] >>> HTTP REQUEST POST https://cloudresourcemanager.googleapis.com/v1/projects/levels-screener-mobile:testIamPermissions  
 {"permissions":["firebase.projects.get","firebasehosting.sites.update"]}
[debug] [2025-04-17T08:37:23.948Z] [iam] error while checking permissions, command may fail: FirebaseError: Server Error. connect ETIMEDOUT 142.250.203.202:443
[debug] [2025-04-17T08:37:23.954Z] > refreshing access token with scopes: []
[debug] [2025-04-17T08:37:23.955Z] >>> HTTP REQUEST POST https://www.googleapis.com/oauth2/v3/token  
 <request body omitted>
[debug] [2025-04-17T08:37:45.018Z] Authentication Error: Your credentials are no longer valid. Please run firebase login --reauth

For CI servers and headless environments, generate a new token with firebase login:ci
[debug] [2025-04-17T08:37:45.021Z] FirebaseError: Authentication Error: Your credentials are no longer valid. Please run firebase login --reauth

For CI servers and headless environments, generate a new token with firebase login:ci
    at invalidCredentialError (C:\Users\Vitali\AppData\Roaming\npm\node_modules\firebase-tools\lib\auth.js:141:12)
    at refreshTokens (C:\Users\Vitali\AppData\Roaming\npm\node_modules\firebase-tools\lib\auth.js:448:15)
    at processTicksAndRejections (node:internal/process/task_queues:96:5)
    at async Client.getAccessToken (C:\Users\Vitali\AppData\Roaming\npm\node_modules\firebase-tools\lib\apiv2.js:146:23)
    at async Client.addAuthHeader (C:\Users\Vitali\AppData\Roaming\npm\node_modules\firebase-tools\lib\apiv2.js:137:21)
    at async Client.request (C:\Users\Vitali\AppData\Roaming\npm\node_modules\firebase-tools\lib\apiv2.js:93:34)
    at async Object.getFirebaseProject (C:\Users\Vitali\AppData\Roaming\npm\node_modules\firebase-tools\lib\management\projects.js:290:21)
    at async Object.getDefaultHostingSite (C:\Users\Vitali\AppData\Roaming\npm\node_modules\firebase-tools\lib\getDefaultHostingSite.js:8:21)
    at async requireHostingSite (C:\Users\Vitali\AppData\Roaming\npm\node_modules\firebase-tools\lib\requireHostingSite.js:9:18)
    at async Object.fn (C:\Users\Vitali\AppData\Roaming\npm\node_modules\firebase-tools\lib\commands\deploy.js:73:9)
    at async C:\Users\Vitali\AppData\Roaming\npm\node_modules\firebase-tools\lib\command.js:188:17
[error] 
[error] Error: Failed to get Firebase project levels-screener-mobile. Please make sure the project exists and your account has permission to access it.
